0 info it worked if it ends with ok
1 verbose cli [ 'node',
1 verbose cli   '/usr/local/bin/npm',
1 verbose cli   'install',
1 verbose cli   'socket.io@leatest',
1 verbose cli   '--save' ]
2 info using npm@1.4.28
3 info using node@v0.10.33
4 verbose readDependencies using package.json deps
5 verbose cache add [ 'socket.io@leatest', null ]
6 verbose cache add name=undefined spec="socket.io@leatest" args=["socket.io@leatest",null]
7 verbose parsed url { protocol: null,
7 verbose parsed url   slashes: null,
7 verbose parsed url   auth: null,
7 verbose parsed url   host: null,
7 verbose parsed url   port: null,
7 verbose parsed url   hostname: null,
7 verbose parsed url   hash: null,
7 verbose parsed url   search: null,
7 verbose parsed url   query: null,
7 verbose parsed url   pathname: 'socket.io@leatest',
7 verbose parsed url   path: 'socket.io@leatest',
7 verbose parsed url   href: 'socket.io@leatest' }
8 verbose cache add name="socket.io" spec="leatest" args=["socket.io","leatest"]
9 verbose parsed url { protocol: null,
9 verbose parsed url   slashes: null,
9 verbose parsed url   auth: null,
9 verbose parsed url   host: null,
9 verbose parsed url   port: null,
9 verbose parsed url   hostname: null,
9 verbose parsed url   hash: null,
9 verbose parsed url   search: null,
9 verbose parsed url   query: null,
9 verbose parsed url   pathname: 'leatest',
9 verbose parsed url   path: 'leatest',
9 verbose parsed url   href: 'leatest' }
10 verbose addNamed [ 'socket.io', 'leatest' ]
11 verbose addNamed [ null, null ]
12 silly lockFile d29e2176-socket-io-leatest socket.io@leatest
13 verbose lock socket.io@leatest /Users/Mofei/.npm/d29e2176-socket-io-leatest.lock
14 info addNameTag [ 'socket.io', 'leatest' ]
15 verbose request where is /socket.io
16 verbose request registry https://registry.npmjs.org/
17 verbose request id a25aa317927a350f
18 verbose url raw /socket.io
19 verbose url resolving [ 'https://registry.npmjs.org/', './socket.io' ]
20 verbose url resolved https://registry.npmjs.org/socket.io
21 verbose request where is https://registry.npmjs.org/socket.io
22 info trying registry request attempt 1 at 13:21:26
23 verbose etag "4MF62BJVIZA6EDD0D2E4TQYSS"
24 http GET https://registry.npmjs.org/socket.io
25 http 304 https://registry.npmjs.org/socket.io
26 silly registry.get cb [ 304,
26 silly registry.get   { date: 'Fri, 05 Dec 2014 05:21:27 GMT',
26 silly registry.get     server: 'Apache',
26 silly registry.get     via: '1.1 varnish',
26 silly registry.get     'last-modified': 'Fri, 05 Dec 2014 05:20:48 GMT',
26 silly registry.get     'cache-control': 'max-age=60',
26 silly registry.get     etag: '"4MF62BJVIZA6EDD0D2E4TQYSS"',
26 silly registry.get     age: '39',
26 silly registry.get     'x-served-by': 'cache-ty66-TYO',
26 silly registry.get     'x-cache': 'HIT',
26 silly registry.get     'x-cache-hits': '3',
26 silly registry.get     'x-timer': 'S1417756887.163255,VS0,VE0',
26 silly registry.get     vary: 'Accept',
26 silly registry.get     'content-length': '0',
26 silly registry.get     'keep-alive': 'timeout=10, max=50',
26 silly registry.get     connection: 'Keep-Alive' } ]
27 verbose etag https://registry.npmjs.org/socket.io from cache
28 silly lockFile d29e2176-socket-io-leatest socket.io@leatest
29 silly lockFile d29e2176-socket-io-leatest socket.io@leatest
30 error notarget No compatible version found: socket.io@'leatest'
30 error notarget Valid install targets:
30 error notarget ["0.3.8","0.4.0","0.4.1","0.5.1","0.5.3","0.6.0","0.6.1","0.6.3","0.6.4","0.6.5","0.6.6","0.6.7","0.6.8","0.6.9","0.6.10","0.6.11","0.6.12","0.6.14","0.6.15","0.6.16","0.6.17","0.6.18","0.7.0","0.7.1","0.7.2","0.7.3","0.7.4","0.7.5","0.7.6","0.7.7","0.7.8","0.7.9","0.7.10","0.7.11","0.8.0","0.8.1","0.8.2","0.8.3","0.8.4","0.8.5","0.8.6","0.8.7","0.9.0","0.9.1","0.9.1-1","0.9.2","0.9.3","0.9.4","0.9.5","0.9.6","0.9.7","0.9.8","0.9.9","0.9.10","0.9.11","0.9.12","0.9.13","0.9.14","0.9.15","0.9.16","1.0.0-pre","1.0.0-pre2","1.0.0-pre3","1.0.0-pre4","1.0.0-pre5","0.9.17","1.0.0","1.0.1","1.0.2","1.0.3","1.0.4","1.0.5","1.0.6","1.1.0","1.2.0","1.2.1"]
30 error notarget
30 error notarget This is most likely not a problem with npm itself.
30 error notarget In most cases you or one of your dependencies are requesting
30 error notarget a package version that doesn't exist.
31 error System Darwin 14.0.0
32 error command "node" "/usr/local/bin/npm" "install" "socket.io@leatest" "--save"
33 error cwd /Users/Mofei/Projects/socketChatroom
34 error node -v v0.10.33
35 error npm -v 1.4.28
36 error code ETARGET
37 verbose exit [ 1, true ]
